<?xml version="1.0" encoding="UTF-8"?>
<!-- Generated by org.testng.reporters.JUnitReportReporter -->
<testsuite skipped="0" hostname="QB-TP3-2368" name="com.Amazon.Tests.App" tests="1" failures="0" timestamp="2022-08-08T08:58:26 IST" time="0.005" errors="0">
  <testcase name="text" time="0.005" classname="com.Amazon.Tests.App"/>
  <system-out/>
</testsuite> <!-- com.Amazon.Tests.App -->
