<?xml version="1.0" encoding="UTF-8"?>
<!-- Generated by org.testng.reporters.JUnitReportReporter -->
<testsuite skipped="0" hostname="QB-TP3-2368" name="testCases.loginTest" tests="1" failures="0" timestamp="2022-08-16T08:05:18 IST" time="4.758" errors="0">
  <testcase name="testcase01verifyLoginFunctionality" time="4.758" classname="testCases.loginTest"/>
  <system-out/>
</testsuite> <!-- testCases.loginTest -->
